2024-02-08 19:46:11,404 - INFO - New user registered - User: meera
2024-02-08 19:46:17,639 - INFO - Successful login - User: haard
2024-02-08 19:46:17,640 - INFO - Starting tweet processing...
2024-02-08 19:46:17,640 - INFO - Processing tweets...
2024-02-08 19:46:17,640 - DEBUG - Processed tweet: just found a great job opportunity in the tech industry!
2024-02-08 19:46:17,640 - DEBUG - Processed tweet: looking for a remote job in web development.
2024-02-08 19:46:17,640 - DEBUG - Processed tweet: new job listing for a data analyst role.
2024-02-08 19:46:17,640 - DEBUG - Processed tweet: job search update: i have an interview next week!
2024-02-08 19:46:17,640 - DEBUG - Processed tweet: excited about the job fair happening this weekend.
2024-02-08 19:46:17,642 - INFO - Finished processing tweets.
2024-02-08 19:46:17,644 - INFO - Starting the Twitter-like application
2024-02-08 19:46:17,644 - INFO - user1 posted a tweet: 'Hello, Twitter!'
2024-02-08 19:46:17,644 - INFO - user2 posted a tweet: 'Having a great day!'
2024-02-08 19:46:17,645 - DEBUG - Viewing timeline for user3
2024-02-08 19:46:17,645 - WARNING - No tweets found for user3
2024-02-08 19:46:17,645 - DEBUG - Viewing timeline for user1
2024-02-08 19:46:17,645 - INFO - Timeline for user1: Hello, Twitter!
2024-02-08 19:46:17,645 - INFO - user1 posted a tweet: 'Another tweet from me!'
2024-02-08 19:46:17,645 - DEBUG - Viewing timeline for user1
2024-02-08 19:46:17,645 - INFO - Timeline for user1: Hello, Twitter!, Another tweet from me!
2024-02-08 19:46:17,645 - INFO - User1's timeline: Hello, Twitter!, Another tweet from me!
2024-02-08 19:46:17,645 - INFO - Twitter-like application finished
2024-02-08 19:46:17,645 - INFO - Code update - Updated functionality in main module.
2024-02-08 19:46:17,646 - INFO - Code update - Fixed a critical bug in the application.
2024-02-08 19:46:24,594 - INFO - Code update - Released version 1.2.4.
